#
# There is insufficient memory for the Java Runtime Environment to continue.
# Native memory allocation (mmap) failed to map 65536 bytes for Failed to commit metaspace.
# Possible reasons:
#   The system is out of physical RAM or swap space
#   The process is running with CompressedOops enabled, and the Java Heap may be blocking the growth of the native heap
# Possible solutions:
#   Reduce memory load on the system
#   Increase physical memory or swap space
#   Check if swap backing store is full
#   Decrease Java heap size (-Xmx/-Xms)
#   Decrease number of Java threads
#   Decrease Java thread stack sizes (-Xss)
#   Set larger code cache with -XX:ReservedCodeCacheSize=
#   JVM is running with Unscaled Compressed Oops mode in which the Java heap is
#     placed in the first 4GB address space. The Java Heap base address is the
#     maximum limit for the native heap growth. Please use -XX:HeapBaseMinAddress
#     to set the Java Heap base and to place the Java Heap above 4GB virtual address.
# This output file may be truncated or incomplete.
#
#  Out of Memory Error (virtualSpaceNode.cpp:110), pid=23980, tid=27412
#
# JRE version: Java(TM) SE Runtime Environment (17.0.11+7) (build 17.0.11+7-LTS-207)
# Java VM: Java HotSpot(TM) 64-Bit Server VM (17.0.11+7-LTS-207, mixed mode, emulated-client, sharing, tiered, compressed oops, compressed class ptrs, g1 gc, windows-amd64)
# No core dump will be written. Minidumps are not enabled by default on client versions of Windows
#

---------------  S U M M A R Y ------------

Command Line: -XX:TieredStopAtLevel=1 -Dspring.output.ansi.enabled=always -Dcom.sun.management.jmxremote -Dspring.jmx.enabled=true -Dspring.liveBeansView.mbeanDomain -Dspring.application.admin.enabled=true -Dmanagement.endpoints.jmx.exposure.include=* -javaagent:C:\Program Files\JetBrains\IntelliJ IDEA 2023.2.1\lib\idea_rt.jar=55726:C:\Program Files\JetBrains\IntelliJ IDEA 2023.2.1\bin -Dfile.encoding=UTF-8 com.megaminds.order.OrderApplication

Host: 11th Gen Intel(R) Core(TM) i5-11400H @ 2.70GHz, 12 cores, 7G,  Windows 10 , 64 bit Build 19041 (10.0.19041.5438)
Time: Sun Mar  2 15:15:52 2025 Afr. centrale Ouest elapsed time: 0.633219 seconds (0d 0h 0m 0s)

---------------  T H R E A D  ---------------

Current thread (0x000002780527fd00):  JavaThread "main" [_thread_in_vm, id=27412, stack(0x0000007bf7100000,0x0000007bf7200000)]

Stack: [0x0000007bf7100000,0x0000007bf7200000]
Native frames: (J=compiled Java code, j=interpreted, Vv=VM code, C=native code)
V  [jvm.dll+0x679cca]
V  [jvm.dll+0x7da13d]
V  [jvm.dll+0x7dba83]
V  [jvm.dll+0x7dc0f3]
V  [jvm.dll+0x2449af]
V  [jvm.dll+0x7d5d0b]
V  [jvm.dll+0x6200b6]
V  [jvm.dll+0x62011a]
V  [jvm.dll+0x62293d]
V  [jvm.dll+0x620a76]
V  [jvm.dll+0x23a0f6]
V  [jvm.dll+0x1e8807]
V  [jvm.dll+0x1de3c1]
V  [jvm.dll+0x53f19c]
V  [jvm.dll+0x1eed6a]
V  [jvm.dll+0x7543bd]
V  [jvm.dll+0x7557d6]
V  [jvm.dll+0x755b08]
V  [jvm.dll+0x23ca5b]
V  [jvm.dll+0x37ca5e]
C  0x000002780cb49aed

Java frames: (J=compiled Java code, j=interpreted, Vv=VM code)
j  sun.security.x509.X509CertInfo.<init>(Lsun/security/util/DerValue;)V+5 java.base@17.0.11
j  sun.security.x509.X509CertImpl.parse(Lsun/security/util/DerValue;)V+228 java.base@17.0.11
j  sun.security.x509.X509CertImpl.<init>([B)V+50 java.base@17.0.11
j  sun.security.provider.X509Factory.engineGenerateCertificate(Ljava/io/InputStream;)Ljava/security/cert/Certificate;+54 java.base@17.0.11
j  java.security.cert.CertificateFactory.generateCertificate(Ljava/io/InputStream;)Ljava/security/cert/Certificate;+5 java.base@17.0.11
j  sun.security.pkcs.PKCS7.parseSignedData(Lsun/security/util/DerValue;)V+264 java.base@17.0.11
j  sun.security.pkcs.PKCS7.parse(Lsun/security/util/DerInputStream;Z)V+40 java.base@17.0.11
j  sun.security.pkcs.PKCS7.parse(Lsun/security/util/DerInputStream;)V+11 java.base@17.0.11
j  sun.security.pkcs.PKCS7.<init>([B)V+50 java.base@17.0.11
j  sun.security.util.SignatureFileVerifier.<init>(Ljava/util/ArrayList;Lsun/security/util/ManifestDigester;Ljava/lang/String;[B)V+40 java.base@17.0.11
j  java.util.jar.JarVerifier.processEntry(Lsun/security/util/ManifestEntryVerifier;)V+319 java.base@17.0.11
j  java.util.jar.JarVerifier.update(I[BIILsun/security/util/ManifestEntryVerifier;)V+39 java.base@17.0.11
j  java.util.jar.JarFile.initializeVerifier()V+164 java.base@17.0.11
j  java.util.jar.JarFile.ensureInitialization()V+41 java.base@17.0.11
j  java.util.jar.JavaUtilJarAccessImpl.ensureInitialization(Ljava/util/jar/JarFile;)V+1 java.base@17.0.11
j  jdk.internal.loader.URLClassPath$JarLoader$2.getManifest()Ljava/util/jar/Manifest;+10 java.base@17.0.11
j  jdk.internal.loader.BuiltinClassLoader.defineClass(Ljava/lang/String;Ljdk/internal/loader/Resource;)Ljava/lang/Class;+29 java.base@17.0.11
j  jdk.internal.loader.BuiltinClassLoader.findClassOnClassPathOrNull(Ljava/lang/String;)Ljava/lang/Class;+37 java.base@17.0.11
J 969 c1 jdk.internal.loader.BuiltinClassLoader.loadClassOrNull(Ljava/lang/String;Z)Ljava/lang/Class; java.base@17.0.11 (143 bytes) @ 0x000002780ceb4bdc [0x000002780ceb4780+0x000000000000045c]
J 1110 c1 jdk.internal.loader.ClassLoaders$AppClassLoader.loadClass(Ljava/lang/String;Z)Ljava/lang/Class; java.base@17.0.11 (40 bytes) @ 0x000002780cef72a4 [0x000002780cef7160+0x0000000000000144]
J 1109 c1 java.lang.ClassLoader.loadClass(Ljava/lang/String;)Ljava/lang/Class; java.base@17.0.11 (7 bytes) @ 0x000002780cef66e4 [0x000002780cef66a0+0x0000000000000044]
v  ~StubRoutines::call_stub
J 984  java.lang.Class.forName0(Ljava/lang/String;ZLjava/lang/ClassLoader;Ljava/lang/Class;)Ljava/lang/Class; java.base@17.0.11 (0 bytes) @ 0x000002780cebceaf [0x000002780cebce20+0x000000000000008f]
J 987 c1 java.lang.Class.forName(Ljava/lang/String;ZLjava/lang/ClassLoader;)Ljava/lang/Class; java.base@17.0.11 (47 bytes) @ 0x000002780cebd734 [0x000002780cebd640+0x00000000000000f4]
j  org.springframework.util.ClassUtils.forName(Ljava/lang/String;Ljava/lang/ClassLoader;)Ljava/lang/Class;+164
j  org.springframework.util.ClassUtils.isPresent(Ljava/lang/String;Ljava/lang/ClassLoader;)Z+2
j  org.springframework.cloud.bootstrap.TextEncryptorConfigBootstrapper.<clinit>()V+12
v  ~StubRoutines::call_stub
j  jdk.internal.reflect.NativeConstructorAccessorImpl.newInstance0(Ljava/lang/reflect/Constructor;[Ljava/lang/Object;)Ljava/lang/Object;+0 java.base@17.0.11
j  jdk.internal.reflect.NativeConstructorAccessorImpl.newInstance([Ljava/lang/Object;)Ljava/lang/Object;+118 java.base@17.0.11
j  jdk.internal.reflect.DelegatingConstructorAccessorImpl.newInstance([Ljava/lang/Object;)Ljava/lang/Object;+5 java.base@17.0.11
j  java.lang.reflect.Constructor.newInstanceWithCaller([Ljava/lang/Object;ZLjava/lang/Class;)Ljava/lang/Object;+65 java.base@17.0.11
j  java.lang.reflect.Constructor.newInstance([Ljava/lang/Object;)Ljava/lang/Object;+30 java.base@17.0.11
j  org.springframework.core.io.support.SpringFactoriesLoader$FactoryInstantiator.instantiate(Lorg/springframework/core/io/support/SpringFactoriesLoader$ArgumentResolver;)Ljava/lang/Object;+33
j  org.springframework.core.io.support.SpringFactoriesLoader.instantiateFactory(Ljava/lang/String;Ljava/lang/Class;Lorg/springframework/core/io/support/SpringFactoriesLoader$ArgumentResolver;Lorg/springframework/core/io/support/SpringFactoriesLoader$FailureHandler;)Ljava/lang/Object;+36
j  org.springframework.core.io.support.SpringFactoriesLoader.load(Ljava/lang/Class;Lorg/springframework/core/io/support/SpringFactoriesLoader$ArgumentResolver;Lorg/springframework/core/io/support/SpringFactoriesLoader$FailureHandler;)Ljava/util/List;+99
j  org.springframework.core.io.support.SpringFactoriesLoader.load(Ljava/lang/Class;Lorg/springframework/core/io/support/SpringFactoriesLoader$ArgumentResolver;)Ljava/util/List;+4
j  org.springframework.boot.SpringApplication.getSpringFactoriesInstances(Ljava/lang/Class;Lorg/springframework/core/io/support/SpringFactoriesLoader$ArgumentResolver;)Ljava/util/List;+9
j  org.springframework.boot.SpringApplication.getSpringFactoriesInstances(Ljava/lang/Class;)Ljava/util/List;+3
j  org.springframework.boot.SpringApplication.<init>(Lorg/springframework/core/io/ResourceLoader;[Ljava/lang/Class;)V+100
j  org.springframework.boot.SpringApplication.<init>([Ljava/lang/Class;)V+3
j  org.springframework.boot.SpringApplication.run([Ljava/lang/Class;[Ljava/lang/String;)Lorg/springframework/context/ConfigurableApplicationContext;+5
j  org.springframework.boot.SpringApplication.run(Ljava/lang/Class;[Ljava/lang/String;)Lorg/springframework/context/ConfigurableApplicationContext;+9
j  com.megaminds.order.OrderApplication.main([Ljava/lang/String;)V+3
v  ~StubRoutines::call_stub

---------------  P R O C E S S  ---------------

Threads class SMR info:
_java_thread_list=0x000002785d41af70, length=15, elements={
0x000002780527fd00, 0x00000278170f06e0, 0x00000278170f35d0, 0x0000027817102a00,
0x00000278171032d0, 0x0000027817103ba0, 0x0000027817104470, 0x0000027817104df0,
0x0000027817105700, 0x00000278170d8760, 0x00000278170d8e10, 0x000002781773d420,
0x000002785d3719e0, 0x000002785d371ec0, 0x000002785d476de0
}

Java Threads: ( => current thread )
=>0x000002780527fd00 JavaThread "main" [_thread_in_vm, id=27412, stack(0x0000007bf7100000,0x0000007bf7200000)]
  0x00000278170f06e0 JavaThread "Reference Handler" daemon [_thread_blocked, id=20160, stack(0x0000007bf7800000,0x0000007bf7900000)]
  0x00000278170f35d0 JavaThread "Finalizer" daemon [_thread_blocked, id=26576, stack(0x0000007bf7900000,0x0000007bf7a00000)]
  0x0000027817102a00 JavaThread "Signal Dispatcher" daemon [_thread_blocked, id=19832, stack(0x0000007bf7a00000,0x0000007bf7b00000)]
  0x00000278171032d0 JavaThread "Attach Listener" daemon [_thread_blocked, id=20636, stack(0x0000007bf7b00000,0x0000007bf7c00000)]
  0x0000027817103ba0 JavaThread "Service Thread" daemon [_thread_blocked, id=16832, stack(0x0000007bf7c00000,0x0000007bf7d00000)]
  0x0000027817104470 JavaThread "Monitor Deflation Thread" daemon [_thread_blocked, id=27136, stack(0x0000007bf7d00000,0x0000007bf7e00000)]
  0x0000027817104df0 JavaThread "C1 CompilerThread0" daemon [_thread_blocked, id=25756, stack(0x0000007bf7e00000,0x0000007bf7f00000)]
  0x0000027817105700 JavaThread "Sweeper thread" daemon [_thread_blocked, id=22492, stack(0x0000007bf7f00000,0x0000007bf8000000)]
  0x00000278170d8760 JavaThread "Common-Cleaner" daemon [_thread_blocked, id=28332, stack(0x0000007bf8000000,0x0000007bf8100000)]
  0x00000278170d8e10 JavaThread "C1 CompilerThread1" daemon [_thread_blocked, id=6640, stack(0x0000007bf8100000,0x0000007bf8200000)]
  0x000002781773d420 JavaThread "C1 CompilerThread2" daemon [_thread_blocked, id=14484, stack(0x0000007bf8200000,0x0000007bf8300000)]
  0x000002785d3719e0 JavaThread "Monitor Ctrl-Break" daemon [_thread_in_native, id=20220, stack(0x0000007bf8300000,0x0000007bf8400000)]
  0x000002785d371ec0 JavaThread "Notification Thread" daemon [_thread_blocked, id=24184, stack(0x0000007bf8400000,0x0000007bf8500000)]
  0x000002785d476de0 JavaThread "RMI TCP Accept-0" daemon [_thread_in_native, id=6004, stack(0x0000007bf8500000,0x0000007bf8600000)]

Other Threads:
  0x00000278170e7dd0 VMThread "VM Thread" [stack: 0x0000007bf7700000,0x0000007bf7800000] [id=18672]
  0x000002785d47cc50 WatcherThread [stack: 0x0000007bf8600000,0x0000007bf8700000] [id=27764]
  0x00000278052d97c0 GCTaskThread "GC Thread#0" [stack: 0x0000007bf7200000,0x0000007bf7300000] [id=14328]
  0x000002785d7b9770 GCTaskThread "GC Thread#1" [stack: 0x0000007bf8700000,0x0000007bf8800000] [id=1472]
  0x000002785d8439d0 GCTaskThread "GC Thread#2" [stack: 0x0000007bf8800000,0x0000007bf8900000] [id=17700]
  0x000002785d843c90 GCTaskThread "GC Thread#3" [stack: 0x0000007bf8900000,0x0000007bf8a00000] [id=21128]
  0x000002785d844360 GCTaskThread "GC Thread#4" [stack: 0x0000007bf8a00000,0x0000007bf8b00000] [id=26628]
  0x000002785d844620 GCTaskThread "GC Thread#5" [stack: 0x0000007bf8b00000,0x0000007bf8c00000] [id=13984]
  0x000002785d8448e0 GCTaskThread "GC Thread#6" [stack: 0x0000007bf8c00000,0x0000007bf8d00000] [id=24104]
  0x00000278052e9ce0 ConcurrentGCThread "G1 Main Marker" [stack: 0x0000007bf7300000,0x0000007bf7400000] [id=13532]
  0x00000278052eac10 ConcurrentGCThread "G1 Conc#0" [stack: 0x0000007bf7400000,0x0000007bf7500000] [id=16596]
  0x0000027805339490 ConcurrentGCThread "G1 Refine#0" [stack: 0x0000007bf7500000,0x0000007bf7600000] [id=10224]
  0x000002785d8499e0 ConcurrentGCThread "G1 Refine#1" [stack: 0x0000007bf8d00000,0x0000007bf8e00000] [id=18188]
  0x0000027805339c70 ConcurrentGCThread "G1 Service" [stack: 0x0000007bf7600000,0x0000007bf7700000] [id=20352]

Threads with active compile tasks:

VM state: not at safepoint (normal execution)

VM Mutex/Monitor currently owned by a thread:  ([mutex/lock_event])
[0x0000027805279450] Metaspace_lock - owner thread: 0x000002780527fd00

Heap address: 0x0000000084a00000, size: 1974 MB, Compressed Oops mode: 32-bit

CDS archive(s) mapped at: [0x0000027818000000-0x0000027818bd0000-0x0000027818bd0000), size 12386304, SharedBaseAddress: 0x0000027818000000, ArchiveRelocationMode: 1.
Compressed class space mapped at: 0x0000027819000000-0x0000027859000000, reserved size: 1073741824
Narrow klass base: 0x0000027818000000, Narrow klass shift: 0, Narrow klass range: 0x100000000

GC Precious Log:
 CPUs: 12 total, 12 available
 Memory: 7893M
 Large Page Support: Disabled
 NUMA Support: Disabled
 Compressed Oops: Enabled (32-bit)
 Heap Region Size: 1M
 Heap Min Capacity: 8M
 Heap Initial Capacity: 124M
 Heap Max Capacity: 1974M
 Pre-touch: Disabled
 Parallel Workers: 10
 Concurrent Workers: 3
 Concurrent Refinement Workers: 10
 Periodic GC: Disabled

Heap:
 garbage-first heap   total 126976K, used 21824K [0x0000000084a00000, 0x0000000100000000)
  region size 1024K, 9 young (9216K), 3 survivors (3072K)
 Metaspace       used 6388K, committed 6528K, reserved 1114112K
  class space    used 777K, committed 832K, reserved 1048576K

Heap Regions: E=young(eden), S=young(survivor), O=old, HS=humongous(starts), HC=humongous(continues), CS=collection set, F=free, OA=open archive, CA=closed archive, TAMS=top-at-mark-start (previous, next)
|   0|0x0000000084a00000, 0x0000000084b00000, 0x0000000084b00000|100%|HS|  |TAMS 0x0000000084a00000, 0x0000000084a00000| Complete 
|   1|0x0000000084b00000, 0x0000000084c00000, 0x0000000084c00000|100%|HS|  |TAMS 0x0000000084b00000, 0x0000000084b00000| Complete 
|   2|0x0000000084c00000, 0x0000000084d00000, 0x0000000084d00000|100%|HS|  |TAMS 0x0000000084c00000, 0x0000000084c00000| Complete 
|   3|0x0000000084d00000, 0x0000000084e00000, 0x0000000084e00000|100%|HS|  |TAMS 0x0000000084d00000, 0x0000000084d00000| Complete 
|   4|0x0000000084e00000, 0x0000000084f00000, 0x0000000084f00000|100%|HS|  |TAMS 0x0000000084e00000, 0x0000000084e00000| Complete 
|   5|0x0000000084f00000, 0x0000000085000000, 0x0000000085000000|100%| O|  |TAMS 0x0000000084f00000, 0x0000000084f00000| Untracked 
|   6|0x0000000085000000, 0x0000000085100000, 0x0000000085100000|100%| O|  |TAMS 0x0000000085000000, 0x0000000085000000| Untracked 
|   7|0x0000000085100000, 0x0000000085200000, 0x0000000085200000|100%| O|  |TAMS 0x0000000085100000, 0x0000000085100000| Untracked 
|   8|0x0000000085200000, 0x0000000085300000, 0x0000000085300000|100%| O|  |TAMS 0x0000000085200000, 0x0000000085200000| Untracked 
|   9|0x0000000085300000, 0x0000000085400000, 0x0000000085400000|100%| O|  |TAMS 0x0000000085300000, 0x0000000085300000| Untracked 
|  10|0x0000000085400000, 0x0000000085500000, 0x0000000085500000|100%| O|  |TAMS 0x0000000085400000, 0x0000000085400000| Untracked 
|  11|0x0000000085500000, 0x0000000085550000, 0x0000000085600000| 31%| O|  |TAMS 0x0000000085500000, 0x0000000085500000| Untracked 
|  12|0x0000000085600000, 0x0000000085700000, 0x0000000085700000|100%|HS|  |TAMS 0x0000000085600000, 0x0000000085600000| Complete 
|  13|0x0000000085700000, 0x0000000085800000, 0x0000000085800000|100%|HS|  |TAMS 0x0000000085700000, 0x0000000085700000| Complete 
|  14|0x0000000085800000, 0x0000000085800000, 0x0000000085900000|  0%| F|  |TAMS 0x0000000085800000, 0x0000000085800000| Untracked 
|  15|0x0000000085900000, 0x0000000085900000, 0x0000000085a00000|  0%| F|  |TAMS 0x0000000085900000, 0x0000000085900000| Untracked 
|  16|0x0000000085a00000, 0x0000000085a00000, 0x0000000085b00000|  0%| F|  |TAMS 0x0000000085a00000, 0x0000000085a00000| Untracked 
|  17|0x0000000085b00000, 0x0000000085b00000, 0x0000000085c00000|  0%| F|  |TAMS 0x0000000085b00000, 0x0000000085b00000| Untracked 
|  18|0x0000000085c00000, 0x0000000085c00000, 0x0000000085d00000|  0%| F|  |TAMS 0x0000000085c00000, 0x0000000085c00000| Untracked 
|  19|0x0000000085d00000, 0x0000000085d00000, 0x0000000085e00000|  0%| F|  |TAMS 0x0000000085d00000, 0x0000000085d00000| Untracked 
|  20|0x0000000085e00000, 0x0000000085e00000, 0x0000000085f00000|  0%| F|  |TAMS 0x0000000085e00000, 0x0000000085e00000| Untracked 
|  21|0x0000000085f00000, 0x0000000085f00000, 0x0000000086000000|  0%| F|  |TAMS 0x0000000085f00000, 0x0000000085f00000| Untracked 
|  22|0x0000000086000000, 0x0000000086000000, 0x0000000086100000|  0%| F|  |TAMS 0x0000000086000000, 0x0000000086000000| Untracked 
|  23|0x0000000086100000, 0x0000000086100000, 0x0000000086200000|  0%| F|  |TAMS 0x0000000086100000, 0x0000000086100000| Untracked 
|  24|0x0000000086200000, 0x0000000086200000, 0x0000000086300000|  0%| F|  |TAMS 0x0000000086200000, 0x0000000086200000| Untracked 
|  25|0x0000000086300000, 0x0000000086300000, 0x0000000086400000|  0%| F|  |TAMS 0x0000000086300000, 0x0000000086300000| Untracked 
|  26|0x0000000086400000, 0x0000000086400000, 0x0000000086500000|  0%| F|  |TAMS 0x0000000086400000, 0x0000000086400000| Untracked 
|  27|0x0000000086500000, 0x0000000086500000, 0x0000000086600000|  0%| F|  |TAMS 0x0000000086500000, 0x0000000086500000| Untracked 
|  28|0x0000000086600000, 0x0000000086600000, 0x0000000086700000|  0%| F|  |TAMS 0x0000000086600000, 0x0000000086600000| Untracked 
|  29|0x0000000086700000, 0x0000000086700000, 0x0000000086800000|  0%| F|  |TAMS 0x0000000086700000, 0x0000000086700000| Untracked 
|  30|0x0000000086800000, 0x0000000086800000, 0x0000000086900000|  0%| F|  |TAMS 0x0000000086800000, 0x0000000086800000| Untracked 
|  31|0x0000000086900000, 0x0000000086900000, 0x0000000086a00000|  0%| F|  |TAMS 0x0000000086900000, 0x0000000086900000| Untracked 
|  32|0x0000000086a00000, 0x0000000086a00000, 0x0000000086b00000|  0%| F|  |TAMS 0x0000000086a00000, 0x0000000086a00000| Untracked 
|  33|0x0000000086b00000, 0x0000000086b00000, 0x0000000086c00000|  0%| F|  |TAMS 0x0000000086b00000, 0x0000000086b00000| Untracked 
|  34|0x0000000086c00000, 0x0000000086c00000, 0x0000000086d00000|  0%| F|  |TAMS 0x0000000086c00000, 0x0000000086c00000| Untracked 
|  35|0x0000000086d00000, 0x0000000086d00000, 0x0000000086e00000|  0%| F|  |TAMS 0x0000000086d00000, 0x0000000086d00000| Untracked 
|  36|0x0000000086e00000, 0x0000000086e00000, 0x0000000086f00000|  0%| F|  |TAMS 0x0000000086e00000, 0x0000000086e00000| Untracked 
|  37|0x0000000086f00000, 0x0000000086f00000, 0x0000000087000000|  0%| F|  |TAMS 0x0000000086f00000, 0x0000000086f00000| Untracked 
|  38|0x0000000087000000, 0x0000000087000000, 0x0000000087100000|  0%| F|  |TAMS 0x0000000087000000, 0x0000000087000000| Untracked 
|  39|0x0000000087100000, 0x0000000087100000, 0x0000000087200000|  0%| F|  |TAMS 0x0000000087100000, 0x0000000087100000| Untracked 
|  40|0x0000000087200000, 0x0000000087200000, 0x0000000087300000|  0%| F|  |TAMS 0x0000000087200000, 0x0000000087200000| Untracked 
|  41|0x0000000087300000, 0x0000000087300000, 0x0000000087400000|  0%| F|  |TAMS 0x0000000087300000, 0x0000000087300000| Untracked 
|  42|0x0000000087400000, 0x0000000087400000, 0x0000000087500000|  0%| F|  |TAMS 0x0000000087400000, 0x0000000087400000| Untracked 
|  43|0x0000000087500000, 0x0000000087500000, 0x0000000087600000|  0%| F|  |TAMS 0x0000000087500000, 0x0000000087500000| Untracked 
|  44|0x0000000087600000, 0x0000000087600000, 0x0000000087700000|  0%| F|  |TAMS 0x0000000087600000, 0x0000000087600000| Untracked 
|  45|0x0000000087700000, 0x0000000087700000, 0x0000000087800000|  0%| F|  |TAMS 0x0000000087700000, 0x0000000087700000| Untracked 
|  46|0x0000000087800000, 0x0000000087800000, 0x0000000087900000|  0%| F|  |TAMS 0x0000000087800000, 0x0000000087800000| Untracked 
|  47|0x0000000087900000, 0x0000000087900000, 0x0000000087a00000|  0%| F|  |TAMS 0x0000000087900000, 0x0000000087900000| Untracked 
|  48|0x0000000087a00000, 0x0000000087a00000, 0x0000000087b00000|  0%| F|  |TAMS 0x0000000087a00000, 0x0000000087a00000| Untracked 
|  49|0x0000000087b00000, 0x0000000087b00000, 0x0000000087c00000|  0%| F|  |TAMS 0x0000000087b00000, 0x0000000087b00000| Untracked 
|  50|0x0000000087c00000, 0x0000000087c00000, 0x0000000087d00000|  0%| F|  |TAMS 0x0000000087c00000, 0x0000000087c00000| Untracked 
|  51|0x0000000087d00000, 0x0000000087d00000, 0x0000000087e00000|  0%| F|  |TAMS 0x0000000087d00000, 0x0000000087d00000| Untracked 
|  52|0x0000000087e00000, 0x0000000087e00000, 0x0000000087f00000|  0%| F|  |TAMS 0x0000000087e00000, 0x0000000087e00000| Untracked 
|  53|0x0000000087f00000, 0x0000000087f00000, 0x0000000088000000|  0%| F|  |TAMS 0x0000000087f00000, 0x0000000087f00000| Untracked 
|  54|0x0000000088000000, 0x0000000088000000, 0x0000000088100000|  0%| F|  |TAMS 0x0000000088000000, 0x0000000088000000| Untracked 
|  55|0x0000000088100000, 0x0000000088100000, 0x0000000088200000|  0%| F|  |TAMS 0x0000000088100000, 0x0000000088100000| Untracked 
|  56|0x0000000088200000, 0x0000000088200000, 0x0000000088300000|  0%| F|  |TAMS 0x0000000088200000, 0x0000000088200000| Untracked 
|  57|0x0000000088300000, 0x0000000088300000, 0x0000000088400000|  0%| F|  |TAMS 0x0000000088300000, 0x0000000088300000| Untracked 
|  58|0x0000000088400000, 0x0000000088400000, 0x0000000088500000|  0%| F|  |TAMS 0x0000000088400000, 0x0000000088400000| Untracked 
|  59|0x0000000088500000, 0x0000000088500000, 0x0000000088600000|  0%| F|  |TAMS 0x0000000088500000, 0x0000000088500000| Untracked 
|  60|0x0000000088600000, 0x0000000088600000, 0x0000000088700000|  0%| F|  |TAMS 0x0000000088600000, 0x0000000088600000| Untracked 
|  61|0x0000000088700000, 0x0000000088700000, 0x0000000088800000|  0%| F|  |TAMS 0x0000000088700000, 0x0000000088700000| Untracked 
|  62|0x0000000088800000, 0x0000000088800000, 0x0000000088900000|  0%| F|  |TAMS 0x0000000088800000, 0x0000000088800000| Untracked 
|  63|0x0000000088900000, 0x0000000088900000, 0x0000000088a00000|  0%| F|  |TAMS 0x0000000088900000, 0x0000000088900000| Untracked 
|  64|0x0000000088a00000, 0x0000000088a00000, 0x0000000088b00000|  0%| F|  |TAMS 0x0000000088a00000, 0x0000000088a00000| Untracked 
|  65|0x0000000088b00000, 0x0000000088b00000, 0x0000000088c00000|  0%| F|  |TAMS 0x0000000088b00000, 0x0000000088b00000| Untracked 
|  66|0x0000000088c00000, 0x0000000088c00000, 0x0000000088d00000|  0%| F|  |TAMS 0x0000000088c00000, 0x0000000088c00000| Untracked 
|  67|0x0000000088d00000, 0x0000000088d00000, 0x0000000088e00000|  0%| F|  |TAMS 0x0000000088d00000, 0x0000000088d00000| Untracked 
|  68|0x0000000088e00000, 0x0000000088e00000, 0x0000000088f00000|  0%| F|  |TAMS 0x0000000088e00000, 0x0000000088e00000| Untracked 
|  69|0x0000000088f00000, 0x0000000088f00000, 0x0000000089000000|  0%| F|  |TAMS 0x0000000088f00000, 0x0000000088f00000| Untracked 
|  70|0x0000000089000000, 0x0000000089000000, 0x0000000089100000|  0%| F|  |TAMS 0x0000000089000000, 0x0000000089000000| Untracked 
|  71|0x0000000089100000, 0x0000000089100000, 0x0000000089200000|  0%| F|  |TAMS 0x0000000089100000, 0x0000000089100000| Untracked 
|  72|0x0000000089200000, 0x0000000089200000, 0x0000000089300000|  0%| F|  |TAMS 0x0000000089200000, 0x0000000089200000| Untracked 
|  73|0x0000000089300000, 0x0000000089300000, 0x0000000089400000|  0%| F|  |TAMS 0x0000000089300000, 0x0000000089300000| Untracked 
|  74|0x0000000089400000, 0x0000000089400000, 0x0000000089500000|  0%| F|  |TAMS 0x0000000089400000, 0x0000000089400000| Untracked 
|  75|0x0000000089500000, 0x0000000089500000, 0x0000000089600000|  0%| F|  |TAMS 0x0000000089500000, 0x0000000089500000| Untracked 
|  76|0x0000000089600000, 0x0000000089600000, 0x0000000089700000|  0%| F|  |TAMS 0x0000000089600000, 0x0000000089600000| Untracked 
|  77|0x0000000089700000, 0x0000000089700000, 0x0000000089800000|  0%| F|  |TAMS 0x0000000089700000, 0x0000000089700000| Untracked 
|  78|0x0000000089800000, 0x0000000089800000, 0x0000000089900000|  0%| F|  |TAMS 0x0000000089800000, 0x0000000089800000| Untracked 
|  79|0x0000000089900000, 0x0000000089900000, 0x0000000089a00000|  0%| F|  |TAMS 0x0000000089900000, 0x0000000089900000| Untracked 
|  80|0x0000000089a00000, 0x0000000089a00000, 0x0000000089b00000|  0%| F|  |TAMS 0x0000000089a00000, 0x0000000089a00000| Untracked 
|  81|0x0000000089b00000, 0x0000000089b00000, 0x0000000089c00000|  0%| F|  |TAMS 0x0000000089b00000, 0x0000000089b00000| Untracked 
|  82|0x0000000089c00000, 0x0000000089c00000, 0x0000000089d00000|  0%| F|  |TAMS 0x0000000089c00000, 0x0000000089c00000| Untracked 
|  83|0x0000000089d00000, 0x0000000089d00000, 0x0000000089e00000|  0%| F|  |TAMS 0x0000000089d00000, 0x0000000089d00000| Untracked 
|  84|0x0000000089e00000, 0x0000000089e00000, 0x0000000089f00000|  0%| F|  |TAMS 0x0000000089e00000, 0x0000000089e00000| Untracked 
|  85|0x0000000089f00000, 0x0000000089f00000, 0x000000008a000000|  0%| F|  |TAMS 0x0000000089f00000, 0x0000000089f00000| Untracked 
|  86|0x000000008a000000, 0x000000008a000000, 0x000000008a100000|  0%| F|  |TAMS 0x000000008a000000, 0x000000008a000000| Untracked 
|  87|0x000000008a100000, 0x000000008a100000, 0x000000008a200000|  0%| F|  |TAMS 0x000000008a100000, 0x000000008a100000| Untracked 
|  88|0x000000008a200000, 0x000000008a200000, 0x000000008a300000|  0%| F|  |TAMS 0x000000008a200000, 0x000000008a200000| Untracked 
|  89|0x000000008a300000, 0x000000008a300000, 0x000000008a400000|  0%| F|  |TAMS 0x000000008a300000, 0x000000008a300000| Untracked 
|  90|0x000000008a400000, 0x000000008a400000, 0x000000008a500000|  0%| F|  |TAMS 0x000000008a400000, 0x000000008a400000| Untracked 
|  91|0x000000008a500000, 0x000000008a500000, 0x000000008a600000|  0%| F|  |TAMS 0x000000008a500000, 0x000000008a500000| Untracked 
|  92|0x000000008a600000, 0x000000008a600000, 0x000000008a700000|  0%| F|  |TAMS 0x000000008a600000, 0x000000008a600000| Untracked 
|  93|0x000000008a700000, 0x000000008a700000, 0x000000008a800000|  0%| F|  |TAMS 0x000000008a700000, 0x000000008a700000| Untracked 
|  94|0x000000008a800000, 0x000000008a800000, 0x000000008a900000|  0%| F|  |TAMS 0x000000008a800000, 0x000000008a800000| Untracked 
|  95|0x000000008a900000, 0x000000008a900000, 0x000000008aa00000|  0%| F|  |TAMS 0x000000008a900000, 0x000000008a900000| Untracked 
|  96|0x000000008aa00000, 0x000000008aa00000, 0x000000008ab00000|  0%| F|  |TAMS 0x000000008aa00000, 0x000000008aa00000| Untracked 
|  97|0x000000008ab00000, 0x000000008ab00000, 0x000000008ac00000|  0%| F|  |TAMS 0x000000008ab00000, 0x000000008ab00000| Untracked 
|  98|0x000000008ac00000, 0x000000008ad00000, 0x000000008ad00000|100%| S|CS|TAMS 0x000000008ac00000, 0x000000008ac00000| Complete 
|  99|0x000000008ad00000, 0x000000008ae00000, 0x000000008ae00000|100%| S|CS|TAMS 0x000000008ad00000, 0x000000008ad00000| Complete 
| 100|0x000000008ae00000, 0x000000008af00000, 0x000000008af00000|100%| S|CS|TAMS 0x000000008ae00000, 0x000000008ae00000| Complete 
| 101|0x000000008af00000, 0x000000008af00000, 0x000000008b000000|  0%| F|  |TAMS 0x000000008af00000, 0x000000008af00000| Untracked 
| 102|0x000000008b000000, 0x000000008b000000, 0x000000008b100000|  0%| F|  |TAMS 0x000000008b000000, 0x000000008b000000| Untracked 
| 103|0x000000008b100000, 0x000000008b100000, 0x000000008b200000|  0%| F|  |TAMS 0x000000008b100000, 0x000000008b100000| Untracked 
| 104|0x000000008b200000, 0x000000008b200000, 0x000000008b300000|  0%| F|  |TAMS 0x000000008b200000, 0x000000008b200000| Untracked 
| 105|0x000000008b300000, 0x000000008b300000, 0x000000008b400000|  0%| F|  |TAMS 0x000000008b300000, 0x000000008b300000| Untracked 
| 106|0x000000008b400000, 0x000000008b400000, 0x000000008b500000|  0%| F|  |TAMS 0x000000008b400000, 0x000000008b400000| Untracked 
| 107|0x000000008b500000, 0x000000008b500000, 0x000000008b600000|  0%| F|  |TAMS 0x000000008b500000, 0x000000008b500000| Untracked 
| 108|0x000000008b600000, 0x000000008b600000, 0x000000008b700000|  0%| F|  |TAMS 0x000000008b600000, 0x000000008b600000| Untracked 
| 109|0x000000008b700000, 0x000000008b700000, 0x000000008b800000|  0%| F|  |TAMS 0x000000008b700000, 0x000000008b700000| Untracked 
| 110|0x000000008b800000, 0x000000008b800000, 0x000000008b900000|  0%| F|  |TAMS 0x000000008b800000, 0x000000008b800000| Untracked 
| 111|0x000000008b900000, 0x000000008b900000, 0x000000008ba00000|  0%| F|  |TAMS 0x000000008b900000, 0x000000008b900000| Untracked 
| 112|0x000000008ba00000, 0x000000008ba00000, 0x000000008bb00000|  0%| F|  |TAMS 0x000000008ba00000, 0x000000008ba00000| Untracked 
| 113|0x000000008bb00000, 0x000000008bb00000, 0x000000008bc00000|  0%| F|  |TAMS 0x000000008bb00000, 0x000000008bb00000| Untracked 
| 114|0x000000008bc00000, 0x000000008bc00000, 0x000000008bd00000|  0%| F|  |TAMS 0x000000008bc00000, 0x000000008bc00000| Untracked 
| 115|0x000000008bd00000, 0x000000008bd00000, 0x000000008be00000|  0%| F|  |TAMS 0x000000008bd00000, 0x000000008bd00000| Untracked 
| 116|0x000000008be00000, 0x000000008be00000, 0x000000008bf00000|  0%| F|  |TAMS 0x000000008be00000, 0x000000008be00000| Untracked 
| 117|0x000000008bf00000, 0x000000008bf00000, 0x000000008c000000|  0%| F|  |TAMS 0x000000008bf00000, 0x000000008bf00000| Untracked 
| 118|0x000000008c000000, 0x000000008c000800, 0x000000008c100000|  0%| E|  |TAMS 0x000000008c000000, 0x000000008c000000| Complete 
| 119|0x000000008c100000, 0x000000008c200000, 0x000000008c200000|100%| E|CS|TAMS 0x000000008c100000, 0x000000008c100000| Complete 
| 120|0x000000008c200000, 0x000000008c300000, 0x000000008c300000|100%| E|CS|TAMS 0x000000008c200000, 0x000000008c200000| Complete 
| 121|0x000000008c300000, 0x000000008c400000, 0x000000008c400000|100%| E|CS|TAMS 0x000000008c300000, 0x000000008c300000| Complete 
| 122|0x000000008c400000, 0x000000008c500000, 0x000000008c500000|100%| E|CS|TAMS 0x000000008c400000, 0x000000008c400000| Complete 
| 123|0x000000008c500000, 0x000000008c600000, 0x000000008c600000|100%| E|CS|TAMS 0x000000008c500000, 0x000000008c500000| Complete 

Card table byte_map: [0x0000027810240000,0x0000027810620000] _byte_map_base: 0x000002780fe1b000

Marking Bits (Prev, Next): (CMBitMap*) 0x00000278052d9cf0, (CMBitMap*) 0x00000278052d9d30
 Prev Bits: [0x0000027810a00000, 0x00000278128d8000)
 Next Bits: [0x00000278128e0000, 0x00000278147b8000)

Polling page: 0x0000027802f60000

Metaspace:

Usage:
  Non-class:      5.48 MB used.
      Class:    777.11 KB used.
       Both:      6.24 MB used.

Virtual space:
  Non-class space:       64.00 MB reserved,       5.56 MB (  9%) committed,  1 nodes.
      Class space:        1.00 GB reserved,     832.00 KB ( <1%) committed,  1 nodes.
             Both:        1.06 GB reserved,       6.38 MB ( <1%) committed. 

Chunk freelists:
   Non-Class:  9.79 MB
       Class:  15.08 MB
        Both:  24.87 MB

MaxMetaspaceSize: unlimited
CompressedClassSpaceSize: 1.00 GB
Initial GC threshold: 21.00 MB
Current GC threshold: 21.00 MB
CDS: on
MetaspaceReclaimPolicy: balanced
 - commit_granule_bytes: 65536.
 - commit_granule_words: 8192.
 - virtual_space_node_default_size: 8388608.
 - enlarge_chunks_in_place: 1.
 - new_chunks_are_fully_committed: 0.
 - uncommit_free_chunks: 1.
 - use_allocation_guard: 0.
 - handle_deallocations: 1.


Internal statistics:

num_allocs_failed_limit: 0.
num_arena_births: 116.
num_arena_deaths: 0.
num_vsnodes_births: 2.
num_vsnodes_deaths: 0.
num_space_committed: 102.
num_space_uncommitted: 0.
num_chunks_returned_to_freelist: 0.
num_chunks_taken_from_freelist: 195.
num_chunk_merges: 0.
num_chunk_splits: 128.
num_chunks_enlarged: 80.
num_inconsistent_stats: 0.

CodeCache: size=49152Kb used=4020Kb max_used=4020Kb free=45131Kb
 bounds [0x000002780cb30000, 0x000002780cf20000, 0x000002780fb30000]
 total_blobs=1654 nmethods=1201 adapters=379
 compilation: enabled
              stopped_count=0, restarted_count=0
 full_count=0

Compilation events (20 events):
Event: 0.618 Thread 0x0000027817104df0 1193       1       sun.security.util.ManifestDigester$$Lambda$115/0x000002781909b5a8::apply (8 bytes)
Event: 0.618 Thread 0x000002781773d420 nmethod 1192 0x000002780cf17090 code [0x000002780cf17220, 0x000002780cf17438]
Event: 0.618 Thread 0x000002781773d420 1194       1       sun.security.util.ManifestDigester::lambda$new$0 (8 bytes)
Event: 0.618 Thread 0x0000027817104df0 nmethod 1193 0x000002780cf17590 code [0x000002780cf17740, 0x000002780cf179d8]
Event: 0.618 Thread 0x000002781773d420 nmethod 1194 0x000002780cf17a90 code [0x000002780cf17c20, 0x000002780cf17e58]
Event: 0.619 Thread 0x00000278170d8e10 nmethod 1188 0x000002780cf17f10 code [0x000002780cf181a0, 0x000002780cf18b08]
Event: 0.626 Thread 0x00000278170d8e10 1195       1       java.io.ByteArrayOutputStream::<init> (43 bytes)
Event: 0.626 Thread 0x00000278170d8e10 nmethod 1195 0x000002780cf19610 code [0x000002780cf19800, 0x000002780cf19cb8]
Event: 0.627 Thread 0x00000278170d8e10 1196       1       java.lang.Character::digit (6 bytes)
Event: 0.627 Thread 0x000002781773d420 1198       1       java.lang.CharacterDataLatin1::digit (32 bytes)
Event: 0.627 Thread 0x0000027817104df0 1197       1       java.lang.Character::digit (10 bytes)
Event: 0.627 Thread 0x00000278170d8e10 nmethod 1196 0x000002780cf19e90 code [0x000002780cf1a040, 0x000002780cf1a138]
Event: 0.627 Thread 0x000002781773d420 nmethod 1198 0x000002780cf1a210 code [0x000002780cf1a3a0, 0x000002780cf1a4f8]
Event: 0.627 Thread 0x0000027817104df0 nmethod 1197 0x000002780cf1a590 code [0x000002780cf1a740, 0x000002780cf1a838]
Event: 0.627 Thread 0x0000027817104df0 1199       1       java.lang.Integer::parseInt (264 bytes)
Event: 0.627 Thread 0x000002781773d420 1200       1       java.lang.Integer::parseInt (7 bytes)
Event: 0.627 Thread 0x00000278170d8e10 1201       1       sun.security.util.ObjectIdentifier::checkOidSize (86 bytes)
Event: 0.627 Thread 0x000002781773d420 nmethod 1200 0x000002780cf1a910 code [0x000002780cf1aaa0, 0x000002780cf1ab68]
Event: 0.627 Thread 0x00000278170d8e10 nmethod 1201 0x000002780cf1ac10 code [0x000002780cf1ae80, 0x000002780cf1b588]
Event: 0.628 Thread 0x0000027817104df0 nmethod 1199 0x000002780cf1b890 code [0x000002780cf1bbc0, 0x000002780cf1c8d8]

GC Heap History (2 events):
Event: 0.602 GC heap before
{Heap before GC invocations=0 (full 0):
 garbage-first heap   total 126976K, used 27648K [0x0000000084a00000, 0x0000000100000000)
  region size 1024K, 23 young (23552K), 0 survivors (0K)
 Metaspace       used 6121K, committed 6336K, reserved 1114112K
  class space    used 758K, committed 832K, reserved 1048576K
}
Event: 0.611 GC heap after
{Heap after GC invocations=1 (full 0):
 garbage-first heap   total 126976K, used 13632K [0x0000000084a00000, 0x0000000100000000)
  region size 1024K, 3 young (3072K), 3 survivors (3072K)
 Metaspace       used 6121K, committed 6336K, reserved 1114112K
  class space    used 758K, committed 832K, reserved 1048576K
}

Deoptimization events (0 events):
No events

Classes unloaded (0 events):
No events

Classes redefined (0 events):
No events

Internal exceptions (16 events):
Event: 0.211 Thread 0x000002785d3719e0 Exception <a 'java/lang/NoSuchMethodError'{0x000000008bb9b100}: 'java.lang.Object java.lang.invoke.DirectMethodHandle$Holder.invokeStaticInit(java.lang.Object)'> (0x000000008bb9b100) 
thrown [s\open\src\hotspot\share\interpreter\linkResolver.cpp, line 759]
Event: 0.218 Thread 0x000002785d3719e0 Exception <a 'java/lang/NoSuchMethodError'{0x000000008bba8cf8}: 'void java.lang.invoke.DirectMethodHandle$Holder.invokeStatic(java.lang.Object, java.lang.Object)'> (0x000000008bba8cf8) 
thrown [s\open\src\hotspot\share\interpreter\linkResolver.cpp, line 759]
Event: 0.240 Thread 0x000002780527fd00 Exception <a 'java/lang/NoSuchMethodError'{0x000000008bb67f50}: 'int java.lang.invoke.DirectMethodHandle$Holder.invokeInterface(java.lang.Object, java.lang.Object)'> (0x000000008bb67f50) 
thrown [s\open\src\hotspot\share\interpreter\linkResolver.cpp, line 759]
Event: 0.241 Thread 0x000002780527fd00 Exception <a 'java/lang/IncompatibleClassChangeError'{0x000000008bb6b550}: Found class java.lang.Object, but interface was expected> (0x000000008bb6b550) 
thrown [s\open\src\hotspot\share\interpreter\linkResolver.cpp, line 826]
Event: 0.276 Thread 0x000002780527fd00 Exception <a 'java/lang/NoSuchMethodError'{0x000000008baa0010}: 'int java.lang.invoke.DirectMethodHandle$Holder.invokeSpecial(java.lang.Object, java.lang.Object, java.lang.Object)'> (0x000000008baa0010) 
thrown [s\open\src\hotspot\share\interpreter\linkResolver.cpp, line 759]
Event: 0.307 Thread 0x000002780527fd00 Exception <a 'java/lang/NoSuchMethodError'{0x000000008b9ae250}: 'void java.lang.invoke.DirectMethodHandle$Holder.invokeStatic(java.lang.Object, java.lang.Object, java.lang.Object)'> (0x000000008b9ae250) 
thrown [s\open\src\hotspot\share\interpreter\linkResolver.cpp, line 759]
Event: 0.315 Thread 0x000002780527fd00 Exception <a 'java/lang/NoSuchMethodError'{0x000000008b9eaea8}: 'int java.lang.invoke.DirectMethodHandle$Holder.invokeSpecialIFC(java.lang.Object, java.lang.Object, java.lang.Object)'> (0x000000008b9eaea8) 
thrown [s\open\src\hotspot\share\interpreter\linkResolver.cpp, line 759]
Event: 0.338 Thread 0x000002780527fd00 Exception <a 'java/lang/NoSuchMethodError'{0x000000008b861958}: 'java.lang.Object java.lang.invoke.DirectMethodHandle$Holder.invokeStaticInit(java.lang.Object, int, int, int, int)'> (0x000000008b861958) 
thrown [s\open\src\hotspot\share\interpreter\linkResolver.cpp, line 759]
Event: 0.434 Thread 0x000002780527fd00 Exception <a 'java/lang/NoSuchMethodError'{0x000000008b8bfb90}: 'java.lang.Object java.lang.invoke.DirectMethodHandle$Holder.invokeStaticInit(java.lang.Object, java.lang.Object, int, int, int, int)'> (0x000000008b8bfb90) 
thrown [s\open\src\hotspot\share\interpreter\linkResolver.cpp, line 759]
Event: 0.448 Thread 0x000002780527fd00 Exception <a 'java/lang/ClassNotFoundException'{0x000000008b8de1e0}: javax/management/remote/rmi/RMIServerImpl_Skel> (0x000000008b8de1e0) 
thrown [s\open\src\hotspot\share\classfile\systemDictionary.cpp, line 256]
Event: 0.515 Thread 0x000002780527fd00 Exception <a 'java/lang/ClassNotFoundException'{0x000000008b517878}: javax/smartcardio/CardPermission> (0x000000008b517878) 
thrown [s\open\src\hotspot\share\classfile\systemDictionary.cpp, line 256]
Event: 0.521 Thread 0x000002780527fd00 Exception <a 'java/io/FileNotFoundException'{0x000000008b525dc0}> (0x000000008b525dc0) 
thrown [s\open\src\hotspot\share\prims\jni.cpp, line 516]
Event: 0.532 Thread 0x000002780527fd00 Exception <a 'java/lang/NoSuchMethodError'{0x000000008b584128}: 'java.lang.Object java.lang.invoke.DirectMethodHandle$Holder.invokeSpecial(java.lang.Object, java.lang.Object, java.lang.Object, long, java.lang.Object)'> (0x000000008b584128) 
thrown [s\open\src\hotspot\share\interpreter\linkResolver.cpp, line 759]
Event: 0.532 Thread 0x000002780527fd00 Exception <a 'java/lang/NoSuchMethodError'{0x000000008b587cf8}: 'java.lang.Object java.lang.invoke.Invokers$Holder.linkToTargetMethod(java.lang.Object, long, java.lang.Object, java.lang.Object)'> (0x000000008b587cf8) 
thrown [s\open\src\hotspot\share\interpreter\linkResolver.cpp, line 759]
Event: 0.567 Thread 0x000002780527fd00 Exception <a 'java/lang/NoSuchMethodError'{0x000000008b39f198}: 'void java.lang.invoke.DirectMethodHandle$Holder.invokeStatic(java.lang.Object, java.lang.Object, java.lang.Object, java.lang.Object)'> (0x000000008b39f198) 
thrown [s\open\src\hotspot\share\interpreter\linkResolver.cpp, line 759]
Event: 0.590 Thread 0x000002780527fd00 Exception <a 'java/lang/NoSuchMethodError'{0x000000008b2d7e50}: 'int java.lang.invoke.DirectMethodHandle$Holder.invokeStaticInit(java.lang.Object, java.lang.Object)'> (0x000000008b2d7e50) 
thrown [s\open\src\hotspot\share\interpreter\linkResolver.cpp, line 759]

VM Operations (20 events):
Event: 0.082 Executing VM operation: HandshakeAllThreads
Event: 0.082 Executing VM operation: HandshakeAllThreads done
Event: 0.210 Executing VM operation: HandshakeAllThreads
Event: 0.210 Executing VM operation: HandshakeAllThreads done
Event: 0.245 Executing VM operation: HandshakeAllThreads
Event: 0.245 Executing VM operation: HandshakeAllThreads done
Event: 0.246 Executing VM operation: HandshakeAllThreads
Event: 0.246 Executing VM operation: HandshakeAllThreads done
Event: 0.332 Executing VM operation: HandshakeAllThreads
Event: 0.332 Executing VM operation: HandshakeAllThreads done
Event: 0.468 Executing VM operation: HandshakeAllThreads
Event: 0.468 Executing VM operation: HandshakeAllThreads done
Event: 0.492 Executing VM operation: HandshakeAllThreads
Event: 0.492 Executing VM operation: HandshakeAllThreads done
Event: 0.495 Executing VM operation: HandshakeAllThreads
Event: 0.495 Executing VM operation: HandshakeAllThreads done
Event: 0.602 Executing VM operation: G1CollectForAllocation
Event: 0.611 Executing VM operation: G1CollectForAllocation done
Event: 0.626 Executing VM operation: HandshakeAllThreads
Event: 0.626 Executing VM operation: HandshakeAllThreads done

Events (20 events):
Event: 0.628 loading class java/security/cert/CertificateFactorySpi done
Event: 0.628 loading class sun/security/provider/X509Factory
Event: 0.629 loading class sun/security/provider/X509Factory done
Event: 0.629 loading class sun/security/util/Cache
Event: 0.629 loading class sun/security/util/Cache done
Event: 0.629 loading class sun/security/util/MemoryCache
Event: 0.629 loading class sun/security/util/MemoryCache done
Event: 0.630 loading class java/security/cert/X509Certificate
Event: 0.630 loading class java/security/cert/X509Extension
Event: 0.630 loading class java/security/cert/X509Extension done
Event: 0.630 loading class java/security/cert/X509Certificate done
Event: 0.630 loading class sun/security/util/Cache$EqualByteArray
Event: 0.630 loading class sun/security/util/Cache$EqualByteArray done
Event: 0.630 loading class sun/security/x509/X509CertImpl
Event: 0.630 loading class sun/security/x509/X509CertImpl done
Event: 0.631 loading class sun/security/x509/X509CertInfo
Event: 0.631 loading class sun/security/x509/CertAttrSet
Event: 0.631 loading class sun/security/x509/CertAttrSet done
Event: 0.631 loading class sun/security/x509/X509CertInfo done
Event: 0.631 loading class sun/security/x509/CertificateVersion


Dynamic libraries:
0x00007ff7327d0000 - 0x00007ff7327e0000 	C:\Program Files\Java\jdk-17\bin\java.exe
0x00007ff89bed0000 - 0x00007ff89c0c8000 	C:\Windows\SYSTEM32\ntdll.dll
0x00007ff89afc0000 - 0x00007ff89b082000 	C:\Windows\System32\KERNEL32.DLL
0x00007ff899760000 - 0x00007ff899a5f000 	C:\Windows\System32\KERNELBASE.dll
0x00007ff899bd0000 - 0x00007ff899cd0000 	C:\Windows\System32\ucrtbase.dll
0x00007ff892480000 - 0x00007ff892499000 	C:\Program Files\Java\jdk-17\bin\jli.dll
0x00007ff89ab90000 - 0x00007ff89ac3f000 	C:\Windows\System32\ADVAPI32.dll
0x00007ff89b510000 - 0x00007ff89b5ae000 	C:\Windows\System32\msvcrt.dll
0x00007ff89aaf0000 - 0x00007ff89ab8f000 	C:\Windows\System32\sechost.dll
0x00007ff89acd0000 - 0x00007ff89adf3000 	C:\Windows\System32\RPCRT4.dll
0x00007ff899ec0000 - 0x00007ff899ee7000 	C:\Windows\System32\bcrypt.dll
0x00007ff8931b0000 - 0x00007ff8931cb000 	C:\Program Files\Java\jdk-17\bin\VCRUNTIME140.dll
0x00007ff89a820000 - 0x00007ff89a9bd000 	C:\Windows\System32\USER32.dll
0x00007ff899610000 - 0x00007ff899632000 	C:\Windows\System32\win32u.dll
0x00007ff887a90000 - 0x00007ff887d2a000 	C:\Windows\WinSxS\amd64_microsoft.windows.common-controls_6595b64144ccf1df_6.0.19041.4355_none_60b8b9eb71f62e16\COMCTL32.dll
0x00007ff89be60000 - 0x00007ff89be8b000 	C:\Windows\System32\GDI32.dll
0x00007ff899640000 - 0x00007ff89975a000 	C:\Windows\System32\gdi32full.dll
0x00007ff899570000 - 0x00007ff89960d000 	C:\Windows\System32\msvcp_win.dll
0x00007ff892760000 - 0x00007ff89276a000 	C:\Windows\SYSTEM32\VERSION.dll
0x00007ff89a6d0000 - 0x00007ff89a6ff000 	C:\Windows\System32\IMM32.DLL
0x00007ff893180000 - 0x00007ff89318c000 	C:\Program Files\Java\jdk-17\bin\vcruntime140_1.dll
0x00007ff85c550000 - 0x00007ff85c5de000 	C:\Program Files\Java\jdk-17\bin\msvcp140.dll
0x00007ff8048c0000 - 0x00007ff8054a0000 	C:\Program Files\Java\jdk-17\bin\server\jvm.dll
0x00007ff89a810000 - 0x00007ff89a818000 	C:\Windows\System32\PSAPI.DLL
0x00007ff88e180000 - 0x00007ff88e1a7000 	C:\Windows\SYSTEM32\WINMM.dll
0x00007ff869b40000 - 0x00007ff869b49000 	C:\Windows\SYSTEM32\WSOCK32.dll
0x00007ff89af50000 - 0x00007ff89afbb000 	C:\Windows\System32\WS2_32.dll
0x00007ff897d80000 - 0x00007ff897d92000 	C:\Windows\SYSTEM32\kernel.appcore.dll
0x00007ff892d20000 - 0x00007ff892d2a000 	C:\Program Files\Java\jdk-17\bin\jimage.dll
0x00007ff897170000 - 0x00007ff897354000 	C:\Windows\SYSTEM32\DBGHELP.DLL
0x00007ff879c90000 - 0x00007ff879cc4000 	C:\Windows\SYSTEM32\dbgcore.DLL
0x00007ff899cd0000 - 0x00007ff899d52000 	C:\Windows\System32\bcryptPrimitives.dll
0x00007ff894a80000 - 0x00007ff894a8e000 	C:\Program Files\Java\jdk-17\bin\instrument.dll
0x00007ff85d3d0000 - 0x00007ff85d3f5000 	C:\Program Files\Java\jdk-17\bin\java.dll
0x00007ff811be0000 - 0x00007ff811cb7000 	C:\Program Files\Java\jdk-17\bin\jsvml.dll
0x00007ff89b6f0000 - 0x00007ff89be5d000 	C:\Windows\System32\SHELL32.dll
0x00007ff897590000 - 0x00007ff897d34000 	C:\Windows\SYSTEM32\windows.storage.dll
0x00007ff899ef0000 - 0x00007ff89a245000 	C:\Windows\System32\combase.dll
0x00007ff898ec0000 - 0x00007ff898eef000 	C:\Windows\SYSTEM32\Wldp.dll
0x00007ff89a9c0000 - 0x00007ff89aa8d000 	C:\Windows\System32\OLEAUT32.dll
0x00007ff89b1c0000 - 0x00007ff89b26d000 	C:\Windows\System32\SHCORE.dll
0x00007ff89a7b0000 - 0x00007ff89a805000 	C:\Windows\System32\shlwapi.dll
0x00007ff8994a0000 - 0x00007ff8994c4000 	C:\Windows\SYSTEM32\profapi.dll
0x00007ff85bac0000 - 0x00007ff85bad8000 	C:\Program Files\Java\jdk-17\bin\zip.dll
0x00007ff85d3b0000 - 0x00007ff85d3c9000 	C:\Program Files\Java\jdk-17\bin\net.dll
0x00007ff891a30000 - 0x00007ff891b3a000 	C:\Windows\SYSTEM32\WINHTTP.dll
0x00007ff898c30000 - 0x00007ff898c9c000 	C:\Windows\system32\mswsock.dll
0x00007ff85bae0000 - 0x00007ff85baf6000 	C:\Program Files\Java\jdk-17\bin\nio.dll
0x00007ff86afa0000 - 0x00007ff86afba000 	C:\Program Files\JetBrains\IntelliJ IDEA 2023.2.1\bin\breakgen64.dll
0x00007ff898970000 - 0x00007ff898a3a000 	C:\Windows\SYSTEM32\DNSAPI.dll
0x00007ff898930000 - 0x00007ff89896b000 	C:\Windows\SYSTEM32\IPHLPAPI.DLL
0x00007ff89ae20000 - 0x00007ff89ae28000 	C:\Windows\System32\NSI.dll
0x00007ff891da0000 - 0x00007ff891daa000 	C:\Windows\System32\rasadhlp.dll
0x00007ff888320000 - 0x00007ff8883a0000 	C:\Windows\System32\fwpuclnt.dll
0x00007ff85d3a0000 - 0x00007ff85d3aa000 	C:\Program Files\Java\jdk-17\bin\management.dll
0x00007ff85c460000 - 0x00007ff85c46b000 	C:\Program Files\Java\jdk-17\bin\management_ext.dll
0x00007ff898f00000 - 0x00007ff898f18000 	C:\Windows\SYSTEM32\CRYPTSP.dll
0x00007ff898510000 - 0x00007ff898544000 	C:\Windows\system32\rsaenh.dll
0x00007ff899460000 - 0x00007ff89948e000 	C:\Windows\SYSTEM32\USERENV.dll
0x00007ff898dc0000 - 0x00007ff898dcc000 	C:\Windows\SYSTEM32\CRYPTBASE.dll
0x00007ff892230000 - 0x00007ff892247000 	C:\Windows\SYSTEM32\dhcpcsvc6.DLL
0x00007ff892210000 - 0x00007ff89222d000 	C:\Windows\SYSTEM32\dhcpcsvc.DLL
0x00007ff8694f0000 - 0x00007ff869507000 	C:\Windows\system32\napinsp.dll
0x00007ff869100000 - 0x00007ff86911b000 	C:\Windows\system32\pnrpnsp.dll
0x00007ff893980000 - 0x00007ff893995000 	C:\Windows\system32\wshbth.dll
0x00007ff8944d0000 - 0x00007ff8944ed000 	C:\Windows\system32\NLAapi.dll
0x00007ff8690c0000 - 0x00007ff8690d2000 	C:\Windows\System32\winrnr.dll

dbghelp: loaded successfully - version: 4.0.5 - missing functions: none
symbol engine: initialized successfully - sym options: 0x614 - pdb path: .;C:\Program Files\Java\jdk-17\bin;C:\Windows\SYSTEM32;C:\Windows\WinSxS\amd64_microsoft.windows.common-controls_6595b64144ccf1df_6.0.19041.4355_none_60b8b9eb71f62e16;C:\Program Files\Java\jdk-17\bin\server;C:\Program Files\JetBrains\IntelliJ IDEA 2023.2.1\bin

VM Arguments:
jvm_args: -XX:TieredStopAtLevel=1 -Dspring.output.ansi.enabled=always -Dcom.sun.management.jmxremote -Dspring.jmx.enabled=true -Dspring.liveBeansView.mbeanDomain -Dspring.application.admin.enabled=true -Dmanagement.endpoints.jmx.exposure.include=* -javaagent:C:\Program Files\JetBrains\IntelliJ IDEA 2023.2.1\lib\idea_rt.jar=55726:C:\Program Files\JetBrains\IntelliJ IDEA 2023.2.1\bin -Dfile.encoding=UTF-8 
java_command: com.megaminds.order.OrderApplication
java_class_path (initial): C:\Users\WIKI\Desktop\ConstructionPI\order\target\classes;C:\Users\WIKI\.m2\repository\org\springframework\boot\spring-boot-starter-data-jpa\3.4.2\spring-boot-starter-data-jpa-3.4.2.jar;C:\Users\WIKI\.m2\repository\org\springframework\boot\spring-boot-starter\3.4.2\spring-boot-starter-3.4.2.jar;C:\Users\WIKI\.m2\repository\org\springframework\boot\spring-boot\3.4.2\spring-boot-3.4.2.jar;C:\Users\WIKI\.m2\repository\org\springframework\boot\spring-boot-autoconfigure\3.4.2\spring-boot-autoconfigure-3.4.2.jar;C:\Users\WIKI\.m2\repository\org\springframework\boot\spring-boot-starter-logging\3.4.2\spring-boot-starter-logging-3.4.2.jar;C:\Users\WIKI\.m2\repository\ch\qos\logback\logback-classic\1.5.16\logback-classic-1.5.16.jar;C:\Users\WIKI\.m2\repository\ch\qos\logback\logback-core\1.5.16\logback-core-1.5.16.jar;C:\Users\WIKI\.m2\repository\org\apache\logging\log4j\log4j-to-slf4j\2.24.3\log4j-to-slf4j-2.24.3.jar;C:\Users\WIKI\.m2\repository\org\apache\logging\log4j\log4j-api\2.24.3\log4j-api-2.24.3.jar;C:\Users\WIKI\.m2\repository\org\slf4j\jul-to-slf4j\2.0.16\jul-to-slf4j-2.0.16.jar;C:\Users\WIKI\.m2\repository\jakarta\annotation\jakarta.annotation-api\2.1.1\jakarta.annotation-api-2.1.1.jar;C:\Users\WIKI\.m2\repository\org\yaml\snakeyaml\2.3\snakeyaml-2.3.jar;C:\Users\WIKI\.m2\repository\org\springframework\boot\spring-boot-starter-jdbc\3.4.2\spring-boot-starter-jdbc-3.4.2.jar;C:\Users\WIKI\.m2\repository\com\zaxxer\HikariCP\5.1.0\HikariCP-5.1.0.jar;C:\Users\WIKI\.m2\repository\org\springframework\spring-jdbc\6.2.2\spring-jdbc-6.2.2.jar;C:\Users\WIKI\.m2\repository\org\hibernate\orm\hibernate-core\6.6.5.Final\hibernate-core-6.6.5.Final.jar;C:\Users\WIKI\.m2\repository\jakarta\persistence\jakarta.persistence-api\3.1.0\jakarta.persistence-api-3.1.0.jar;C:\Users\WIKI\.m2\repository\jakarta\transaction\jakarta.transaction-api\2.0.1\jakarta.transaction-api-2.0.1.jar;C:\Users\WIKI\.m2\repository\org\jboss\logging\jboss-logging\3.6.1.Final\jboss-l
Launcher Type: SUN_STANDARD

[Global flags]
     intx CICompilerCount                          = 4                                         {product} {ergonomic}
     uint ConcGCThreads                            = 3                                         {product} {ergonomic}
     uint G1ConcRefinementThreads                  = 10                                        {product} {ergonomic}
   size_t G1HeapRegionSize                         = 1048576                                   {product} {ergonomic}
    uintx GCDrainStackTargetSize                   = 64                                        {product} {ergonomic}
   size_t InitialHeapSize                          = 130023424                                 {product} {ergonomic}
     bool ManagementServer                         = true                                      {product} {command line}
   size_t MarkStackSize                            = 4194304                                   {product} {ergonomic}
   size_t MaxHeapSize                              = 2069889024                                {product} {ergonomic}
   size_t MaxNewSize                               = 1241513984                                {product} {ergonomic}
   size_t MinHeapDeltaBytes                        = 1048576                                   {product} {ergonomic}
   size_t MinHeapSize                              = 8388608                                   {product} {ergonomic}
    uintx NonProfiledCodeHeapSize                  = 0                                      {pd product} {ergonomic}
     bool ProfileInterpreter                       = false                                  {pd product} {command line}
    uintx ProfiledCodeHeapSize                     = 0                                      {pd product} {ergonomic}
   size_t SoftMaxHeapSize                          = 2069889024                             {manageable} {ergonomic}
     intx TieredStopAtLevel                        = 1                                         {product} {command line}
     bool UseCompressedClassPointers               = true                           {product lp64_product} {ergonomic}
     bool UseCompressedOops                        = true                           {product lp64_product} {ergonomic}
     bool UseG1GC                                  = true                                      {product} {ergonomic}
     bool UseLargePagesIndividualAllocation        = false                                  {pd product} {ergonomic}

Logging:
Log output configuration:
 #0: stdout all=warning uptime,level,tags
 #1: stderr all=off uptime,level,tags

Environment Variables:
JAVA_HOME=C:\Program Files\Java\jdk-17
PATH=C:\Program Files (x86)\VMware\VMware Workstation\bin\;C:\Program Files\Common Files\Oracle\Java\javapath;C:\Program Files\Java\jdk-17\bin;C:\oraclexe\app\oracle\product\11.2.0\server\bin;C:\Windows\system32;C:\Windows;C:\Windows\System32\Wbem;C:\Windows\System32\WindowsPowerShell\v1.0\;C:\Windows\System32\OpenSSH\;C:\Program Files (x86)\NVIDIA Corporation\PhysX\Common;C:\Program Files\NVIDIA Corporation\NVIDIA NvDLISR;C:\Program Files\Git\cmd;C:\xampp\php;C:\ProgramData\ComposerSetup\bin;C:\Program Files (x86)\CodeBlocks\MinGW\bin;C:\Program Files (x86)\GnuWin32\bin;C:\Program Files\Pandoc\;C:\Program Files\OpenSSL-Win64\bin;C:\Program Files\Microsoft SQL Server\150\Tools\Binn\;C:\Program Files\Microsoft SQL Server\Client SDK\ODBC\170\Tools\Binn\;C:\Program Files\dotnet\;C:\Program Files\Java\jdk-17\bin;C:\Program Files\nodejs\;C:\Program Files\Docker\Docker\resources\bin;C:\Users\WIKI\scoop\shims;C:\Users\WIKI\AppData\Local\Programs\Python\Python310\Scripts\;C:\Users\WIKI\AppData\Local\Programs\Python\Python310\;C:\Users\WIKI\AppData\Local\Microsoft\WindowsApps;C:\Program Files\JetBrains\PyCharm Community Edition 2022.3.2\bin;;C:\Users\WIKI\AppData\Local\Programs\Microsoft VS Code\bin;C:\Users\WIKI\AppData\Roaming\Composer\vendor\bin;C:\xampp\php;C:\Users\WIKI\AppData\Local\GitHubDesktop\bin;C:\Users\WIKI\.dotnet\tools;C:\Program Files\Java\jdk-17;C:\Users\WIKI\AppData\Roaming\npm;C:\Program Files\MongoDB\Server\4.0\bin;
USERNAME=WIKI
OS=Windows_NT
PROCESSOR_IDENTIFIER=Intel64 Family 6 Model 141 Stepping 1, GenuineIntel



---------------  S Y S T E M  ---------------

OS:
 Windows 10 , 64 bit Build 19041 (10.0.19041.5438)
OS uptime: 2 days 20:23 hours
Hyper-V role detected

CPU: total 12 (initial active 12) (6 cores per cpu, 2 threads per core) family 6 model 141 stepping 1 microcode 0x26, cx8, cmov, fxsr, ht, mmx, 3dnowpref, sse, sse2, sse3, ssse3, sse4.1, sse4.2, popcnt, lzcnt, tsc, tscinvbit, avx, avx2, aes, erms, clmul, bmi1, bmi2, adx, avx512f, avx512dq, avx512cd, avx512bw, avx512vl, sha, fma, vzeroupper, avx512_vpopcntdq, avx512_vpclmulqdq, avx512_vaes, avx512_vnni, clflush, clflushopt, clwb, avx512_vbmi2, avx512_vbmi, hv

Memory: 4k page, system-wide physical 7893M (296M free)
TotalPageFile size 32469M (AvailPageFile size 7M)
current process WorkingSet (physical memory assigned to process): 87M, peak: 87M
current process commit charge ("private bytes"): 224M, peak: 224M

vm_info: Java HotSpot(TM) 64-Bit Server VM (17.0.11+7-LTS-207) for windows-amd64 JRE (17.0.11+7-LTS-207), built on Mar 11 2024 19:01:50 by "mach5one" with MS VC++ 17.6 (VS2022)

END.
